# JRE version: Java(TM) SE Runtime Environment (8.0_91-b15) (build 1.8.0_91-b15)
# Java VM: Java HotSpot(TM) 64-Bit Server VM (25.91-b15 mixed mode windows-amd64 compressed oops)
Heap:
 PSYoungGen      total 273408K, used 108759K [0x00000000d5c00000, 0x00000000efe00000, 0x0000000100000000)
  eden space 254976K, 36% used [0x00000000d5c00000,0x00000000db755958,0x00000000e5500000)
  from space 18432K, 82% used [0x00000000e5500000,0x00000000e63e0330,0x00000000e6700000)
  to   space 20480K, 0% used [0x00000000eea00000,0x00000000eea00000,0x00000000efe00000)
 ParOldGen       total 65024K, used 15066K [0x0000000081400000, 0x0000000085380000, 0x00000000d5c00000)
  object space 65024K, 23% used [0x0000000081400000,0x00000000822b6988,0x0000000085380000)
 Metaspace       used 31472K, capacity 32370K, committed 32640K, reserved 1077248K
  class space    used 3898K, capacity 4098K, committed 4224K, reserved 1048576K
GC Heap History (10 events):
Event: 16.752 GC heap before
{Heap before GC invocations=6 (full 0):
 PSYoungGen      total 71680K, used 71676K [0x00000000d5c00000, 0x00000000e0800000, 0x0000000100000000)
  eden space 66560K, 100% used [0x00000000d5c00000,0x00000000d9d00000,0x00000000d9d00000)
  from space 5120K, 99% used [0x00000000d9d00000,0x00000000da1ff208,0x00000000da200000)
  to   space 21504K, 0% used [0x00000000df300000,0x00000000df300000,0x00000000e0800000)
 ParOldGen       total 87552K, used 21728K [0x0000000081400000, 0x0000000086980000, 0x00000000d5c00000)
  object space 87552K, 24% used [0x0000000081400000,0x0000000082938150,0x0000000086980000)
 Metaspace       used 15495K, capacity 15794K, committed 16000K, reserved 1062912K
  class space    used 1813K, capacity 1906K, committed 1920K, reserved 1048576K
Event: 16.757 GC heap after
Heap after GC invocations=6 (full 0):
 PSYoungGen      total 153600K, used 10504K [0x00000000d5c00000, 0x00000000e0700000, 0x0000000100000000)
  eden space 133120K, 0% used [0x00000000d5c00000,0x00000000d5c00000,0x00000000dde00000)
  from space 20480K, 51% used [0x00000000df300000,0x00000000dfd421a8,0x00000000e0700000)
  to   space 20992K, 0% used [0x00000000dde00000,0x00000000dde00000,0x00000000df280000)
 ParOldGen       total 87552K, used 21736K [0x0000000081400000, 0x0000000086980000, 0x00000000d5c00000)
  object space 87552K, 24% used [0x0000000081400000,0x000000008293a150,0x0000000086980000)
 Metaspace       used 15495K, capacity 15794K, committed 16000K, reserved 1062912K
  class space    used 1813K, capacity 1906K, committed 1920K, reserved 1048576K
}
Event: 19.132 GC heap before
{Heap before GC invocations=7 (full 0):
 PSYoungGen      total 153600K, used 30981K [0x00000000d5c00000, 0x00000000e0700000, 0x0000000100000000)
  eden space 133120K, 15% used [0x00000000d5c00000,0x00000000d6fff360,0x00000000dde00000)
  from space 20480K, 51% used [0x00000000df300000,0x00000000dfd421a8,0x00000000e0700000)
  to   space 20992K, 0% used [0x00000000dde00000,0x00000000dde00000,0x00000000df280000)
 ParOldGen       total 87552K, used 21736K [0x0000000081400000, 0x0000000086980000, 0x00000000d5c00000)
  object space 87552K, 24% used [0x0000000081400000,0x000000008293a150,0x0000000086980000)
 Metaspace       used 20745K, capacity 21204K, committed 21296K, reserved 1069056K
  class space    used 2570K, capacity 2687K, committed 2688K, reserved 1048576K
Event: 19.138 GC heap after
Heap after GC invocations=7 (full 0):
 PSYoungGen      total 154112K, used 8778K [0x00000000d5c00000, 0x00000000e8600000, 0x0000000100000000)
  eden space 133120K, 0% used [0x00000000d5c00000,0x00000000d5c00000,0x00000000dde00000)
  from space 20992K, 41% used [0x00000000dde00000,0x00000000de692ae8,0x00000000df280000)
  to   space 19456K, 0% used [0x00000000e7300000,0x00000000e7300000,0x00000000e8600000)
 ParOldGen       total 87552K, used 23349K [0x0000000081400000, 0x0000000086980000, 0x00000000d5c00000)
  object space 87552K, 26% used [0x0000000081400000,0x0000000082acd590,0x0000000086980000)
 Metaspace       used 20745K, capacity 21204K, committed 21296K, reserved 1069056K
  class space    used 2570K, capacity 2687K, committed 2688K, reserved 1048576K
}
Event: 19.138 GC heap before
{Heap before GC invocations=8 (full 1):
 PSYoungGen      total 154112K, used 8778K [0x00000000d5c00000, 0x00000000e8600000, 0x0000000100000000)
  eden space 133120K, 0% used [0x00000000d5c00000,0x00000000d5c00000,0x00000000dde00000)
  from space 20992K, 41% used [0x00000000dde00000,0x00000000de692ae8,0x00000000df280000)
  to   space 19456K, 0% used [0x00000000e7300000,0x00000000e7300000,0x00000000e8600000)
 ParOldGen       total 87552K, used 23349K [0x0000000081400000, 0x0000000086980000, 0x00000000d5c00000)
  object space 87552K, 26% used [0x0000000081400000,0x0000000082acd590,0x0000000086980000)
 Metaspace       used 20745K, capacity 21204K, committed 21296K, reserved 1069056K
  class space    used 2570K, capacity 2687K, committed 2688K, reserved 1048576K
Event: 19.166 GC heap after
Heap after GC invocations=8 (full 1):
 PSYoungGen      total 154112K, used 0K [0x00000000d5c00000, 0x00000000e8600000, 0x0000000100000000)
  eden space 133120K, 0% used [0x00000000d5c00000,0x00000000d5c00000,0x00000000dde00000)
  from space 20992K, 0% used [0x00000000dde00000,0x00000000dde00000,0x00000000df280000)
  to   space 19456K, 0% used [0x00000000e7300000,0x00000000e7300000,0x00000000e8600000)
 ParOldGen       total 65024K, used 15042K [0x0000000081400000, 0x0000000085380000, 0x00000000d5c00000)
  object space 65024K, 23% used [0x0000000081400000,0x00000000822b0988,0x0000000085380000)
 Metaspace       used 20745K, capacity 21204K, committed 21296K, reserved 1069056K
  class space    used 2570K, capacity 2687K, committed 2688K, reserved 1048576K
}
Event: 53.572 GC heap before
{Heap before GC invocations=9 (full 1):
 PSYoungGen      total 154112K, used 133113K [0x00000000d5c00000, 0x00000000e8600000, 0x0000000100000000)
  eden space 133120K, 99% used [0x00000000d5c00000,0x00000000dddfe710,0x00000000dde00000)
  from space 20992K, 0% used [0x00000000dde00000,0x00000000dde00000,0x00000000df280000)
  to   space 19456K, 0% used [0x00000000e7300000,0x00000000e7300000,0x00000000e8600000)
 ParOldGen       total 65024K, used 15042K [0x0000000081400000, 0x0000000085380000, 0x00000000d5c00000)
  object space 65024K, 23% used [0x0000000081400000,0x00000000822b0988,0x0000000085380000)
 Metaspace       used 28065K, capacity 28928K, committed 29056K, reserved 1075200K
  class space    used 3495K, capacity 3681K, committed 3712K, reserved 1048576K
Event: 53.579 GC heap after
Heap after GC invocations=9 (full 1):
 PSYoungGen      total 259584K, used 5742K [0x00000000d5c00000, 0x00000000e7900000, 0x0000000100000000)
  eden space 253440K, 0% used [0x00000000d5c00000,0x00000000d5c00000,0x00000000e5380000)
  from space 6144K, 93% used [0x00000000e7300000,0x00000000e789b9d0,0x00000000e7900000)
  to   space 18432K, 0% used [0x00000000e5500000,0x00000000e5500000,0x00000000e6700000)
 ParOldGen       total 65024K, used 15058K [0x0000000081400000, 0x0000000085380000, 0x00000000d5c00000)
  object space 65024K, 23% used [0x0000000081400000,0x00000000822b4988,0x0000000085380000)
 Metaspace       used 28065K, capacity 28928K, committed 29056K, reserved 1075200K
  class space    used 3495K, capacity 3681K, committed 3712K, reserved 1048576K
}
Event: 104.210 GC heap before
{Heap before GC invocations=10 (full 1):
 PSYoungGen      total 259584K, used 259182K [0x00000000d5c00000, 0x00000000e7900000, 0x0000000100000000)
  eden space 253440K, 100% used [0x00000000d5c00000,0x00000000e5380000,0x00000000e5380000)
  from space 6144K, 93% used [0x00000000e7300000,0x00000000e789b9d0,0x00000000e7900000)
  to   space 18432K, 0% used [0x00000000e5500000,0x00000000e5500000,0x00000000e6700000)
 ParOldGen       total 65024K, used 15058K [0x0000000081400000, 0x0000000085380000, 0x00000000d5c00000)
  object space 65024K, 23% used [0x0000000081400000,0x00000000822b4988,0x0000000085380000)
 Metaspace       used 30622K, capacity 31572K, committed 31744K, reserved 1077248K
  class space    used 3831K, capacity 4053K, committed 4096K, reserved 1048576K
Event: 104.233 GC heap after
Heap after GC invocations=10 (full 1):
 PSYoungGen      total 273408K, used 15232K [0x00000000d5c00000, 0x00000000efe00000, 0x0000000100000000)
  eden space 254976K, 0% used [0x00000000d5c00000,0x00000000d5c00000,0x00000000e5500000)
  from space 18432K, 82% used [0x00000000e5500000,0x00000000e63e0330,0x00000000e6700000)
  to   space 20480K, 0% used [0x00000000eea00000,0x00000000eea00000,0x00000000efe00000)
 ParOldGen       total 65024K, used 15066K [0x0000000081400000, 0x0000000085380000, 0x00000000d5c00000)
  object space 65024K, 23% used [0x0000000081400000,0x00000000822b6988,0x0000000085380000)
 Metaspace       used 30622K, capacity 31572K, committed 31744K, reserved 1077248K
  class space    used 3831K, capacity 4053K, committed 4096K, reserved 1048576K
}

