# JRE version: Java(TM) SE Runtime Environment (8.0_20-b26) (build 1.8.0_20-b26)
# Java VM: Java HotSpot(TM) 64-Bit Server VM (25.20-b23 mixed mode windows-amd64 compressed oops)
Heap:
 PSYoungGen      total 106496K, used 82146K [0x00000000e0980000, 0x00000000e7d80000, 0x0000000100000000)
  eden space 97280K, 76% used [0x00000000e0980000,0x00000000e51b9510,0x00000000e6880000)
  from space 9216K, 88% used [0x00000000e7280000,0x00000000e7a7f470,0x00000000e7b80000)
  to   space 10240K, 0% used [0x00000000e6880000,0x00000000e6880000,0x00000000e7280000)
 ParOldGen       total 65536K, used 15824K [0x00000000a1c00000, 0x00000000a5c00000, 0x00000000e0980000)
  object space 65536K, 24% used [0x00000000a1c00000,0x00000000a2b743e0,0x00000000a5c00000)
 Metaspace       used 17714K, capacity 18078K, committed 18304K, reserved 1064960K
  class space    used 2089K, capacity 2163K, committed 2176K, reserved 1048576K
GC Heap History (10 events):
Event: 7.345 GC heap before
{Heap before GC invocations=2 (full 0):
 PSYoungGen      total 28672K, used 25728K [0x00000000e0980000, 0x00000000e2980000, 0x0000000100000000)
  eden space 24576K, 100% used [0x00000000e0980000,0x00000000e2180000,0x00000000e2180000)
  from space 4096K, 28% used [0x00000000e2180000,0x00000000e22a0000,0x00000000e2580000)
  to   space 4096K, 0% used [0x00000000e2580000,0x00000000e2580000,0x00000000e2980000)
 ParOldGen       total 65536K, used 8K [0x00000000a1c00000, 0x00000000a5c00000, 0x00000000e0980000)
  object space 65536K, 0% used [0x00000000a1c00000,0x00000000a1c02000,0x00000000a5c00000)
 Metaspace       used 10851K, capacity 11144K, committed 11392K, reserved 1058816K
  class space    used 1268K, capacity 1354K, committed 1408K, reserved 1048576K
Event: 7.355 GC heap after
Heap after GC invocations=2 (full 0):
 PSYoungGen      total 28672K, used 4066K [0x00000000e0980000, 0x00000000e2980000, 0x0000000100000000)
  eden space 24576K, 0% used [0x00000000e0980000,0x00000000e0980000,0x00000000e2180000)
  from space 4096K, 99% used [0x00000000e2580000,0x00000000e29789d0,0x00000000e2980000)
  to   space 4096K, 0% used [0x00000000e2180000,0x00000000e2180000,0x00000000e2580000)
 ParOldGen       total 65536K, used 6195K [0x00000000a1c00000, 0x00000000a5c00000, 0x00000000e0980000)
  object space 65536K, 9% used [0x00000000a1c00000,0x00000000a220ced8,0x00000000a5c00000)
 Metaspace       used 10851K, capacity 11144K, committed 11392K, reserved 1058816K
  class space    used 1268K, capacity 1354K, committed 1408K, reserved 1048576K
}
Event: 7.425 GC heap before
{Heap before GC invocations=3 (full 0):
 PSYoungGen      total 28672K, used 28642K [0x00000000e0980000, 0x00000000e2980000, 0x0000000100000000)
  eden space 24576K, 100% used [0x00000000e0980000,0x00000000e2180000,0x00000000e2180000)
  from space 4096K, 99% used [0x00000000e2580000,0x00000000e29789d0,0x00000000e2980000)
  to   space 4096K, 0% used [0x00000000e2180000,0x00000000e2180000,0x00000000e2580000)
 ParOldGen       total 65536K, used 6195K [0x00000000a1c00000, 0x00000000a5c00000, 0x00000000e0980000)
  object space 65536K, 9% used [0x00000000a1c00000,0x00000000a220ced8,0x00000000a5c00000)
 Metaspace       used 10863K, capacity 11208K, committed 11392K, reserved 1058816K
  class space    used 1268K, capacity 1354K, committed 1408K, reserved 1048576K
Event: 7.430 GC heap after
Heap after GC invocations=3 (full 0):
 PSYoungGen      total 28672K, used 4082K [0x00000000e0980000, 0x00000000e4180000, 0x0000000100000000)
  eden space 24576K, 0% used [0x00000000e0980000,0x00000000e0980000,0x00000000e2180000)
  from space 4096K, 99% used [0x00000000e2180000,0x00000000e257c9e0,0x00000000e2580000)
  to   space 4096K, 0% used [0x00000000e3d80000,0x00000000e3d80000,0x00000000e4180000)
 ParOldGen       total 65536K, used 8477K [0x00000000a1c00000, 0x00000000a5c00000, 0x00000000e0980000)
  object space 65536K, 12% used [0x00000000a1c00000,0x00000000a24474c8,0x00000000a5c00000)
 Metaspace       used 10863K, capacity 11208K, committed 11392K, reserved 1058816K
  class space    used 1268K, capacity 1354K, committed 1408K, reserved 1048576K
}
Event: 7.509 GC heap before
{Heap before GC invocations=4 (full 0):
 PSYoungGen      total 28672K, used 28658K [0x00000000e0980000, 0x00000000e4180000, 0x0000000100000000)
  eden space 24576K, 100% used [0x00000000e0980000,0x00000000e2180000,0x00000000e2180000)
  from space 4096K, 99% used [0x00000000e2180000,0x00000000e257c9e0,0x00000000e2580000)
  to   space 4096K, 0% used [0x00000000e3d80000,0x00000000e3d80000,0x00000000e4180000)
 ParOldGen       total 65536K, used 8477K [0x00000000a1c00000, 0x00000000a5c00000, 0x00000000e0980000)
  object space 65536K, 12% used [0x00000000a1c00000,0x00000000a24474c8,0x00000000a5c00000)
 Metaspace       used 10863K, capacity 11208K, committed 11392K, reserved 1058816K
  class space    used 1268K, capacity 1354K, committed 1408K, reserved 1048576K
Event: 7.513 GC heap after
Heap after GC invocations=4 (full 0):
 PSYoungGen      total 53248K, used 4082K [0x00000000e0980000, 0x00000000e4180000, 0x0000000100000000)
  eden space 49152K, 0% used [0x00000000e0980000,0x00000000e0980000,0x00000000e3980000)
  from space 4096K, 99% used [0x00000000e3d80000,0x00000000e417c9e0,0x00000000e4180000)
  to   space 4096K, 0% used [0x00000000e3980000,0x00000000e3980000,0x00000000e3d80000)
 ParOldGen       total 65536K, used 8485K [0x00000000a1c00000, 0x00000000a5c00000, 0x00000000e0980000)
  object space 65536K, 12% used [0x00000000a1c00000,0x00000000a24494c8,0x00000000a5c00000)
 Metaspace       used 10863K, capacity 11208K, committed 11392K, reserved 1058816K
  class space    used 1268K, capacity 1354K, committed 1408K, reserved 1048576K
}
Event: 8.225 GC heap before
{Heap before GC invocations=5 (full 0):
 PSYoungGen      total 53248K, used 53234K [0x00000000e0980000, 0x00000000e4180000, 0x0000000100000000)
  eden space 49152K, 100% used [0x00000000e0980000,0x00000000e3980000,0x00000000e3980000)
  from space 4096K, 99% used [0x00000000e3d80000,0x00000000e417c9e0,0x00000000e4180000)
  to   space 4096K, 0% used [0x00000000e3980000,0x00000000e3980000,0x00000000e3d80000)
 ParOldGen       total 65536K, used 8485K [0x00000000a1c00000, 0x00000000a5c00000, 0x00000000e0980000)
  object space 65536K, 12% used [0x00000000a1c00000,0x00000000a24494c8,0x00000000a5c00000)
 Metaspace       used 11006K, capacity 11272K, committed 11392K, reserved 1058816K
  class space    used 1284K, capacity 1354K, committed 1408K, reserved 1048576K
Event: 8.229 GC heap after
Heap after GC invocations=5 (full 0):
 PSYoungGen      total 53248K, used 4066K [0x00000000e0980000, 0x00000000e7b80000, 0x0000000100000000)
  eden space 49152K, 0% used [0x00000000e0980000,0x00000000e0980000,0x00000000e3980000)
  from space 4096K, 99% used [0x00000000e3980000,0x00000000e3d789d0,0x00000000e3d80000)
  to   space 9216K, 0% used [0x00000000e7280000,0x00000000e7280000,0x00000000e7b80000)
 ParOldGen       total 65536K, used 9669K [0x00000000a1c00000, 0x00000000a5c00000, 0x00000000e0980000)
  object space 65536K, 14% used [0x00000000a1c00000,0x00000000a25717c0,0x00000000a5c00000)
 Metaspace       used 11006K, capacity 11272K, committed 11392K, reserved 1058816K
  class space    used 1284K, capacity 1354K, committed 1408K, reserved 1048576K
}
Event: 15.081 GC heap before
{Heap before GC invocations=6 (full 0):
 PSYoungGen      total 53248K, used 53218K [0x00000000e0980000, 0x00000000e7b80000, 0x0000000100000000)
  eden space 49152K, 100% used [0x00000000e0980000,0x00000000e3980000,0x00000000e3980000)
  from space 4096K, 99% used [0x00000000e3980000,0x00000000e3d789d0,0x00000000e3d80000)
  to   space 9216K, 0% used [0x00000000e7280000,0x00000000e7280000,0x00000000e7b80000)
 ParOldGen       total 65536K, used 9669K [0x00000000a1c00000, 0x00000000a5c00000, 0x00000000e0980000)
  object space 65536K, 14% used [0x00000000a1c00000,0x00000000a25717c0,0x00000000a5c00000)
 Metaspace       used 15222K, capacity 15542K, committed 15744K, reserved 1062912K
  class space    used 1793K, capacity 1875K, committed 1920K, reserved 1048576K
Event: 15.094 GC heap after
Heap after GC invocations=6 (full 0):
 PSYoungGen      total 106496K, used 8189K [0x00000000e0980000, 0x00000000e7d80000, 0x0000000100000000)
  eden space 97280K, 0% used [0x00000000e0980000,0x00000000e0980000,0x00000000e6880000)
  from space 9216K, 88% used [0x00000000e7280000,0x00000000e7a7f470,0x00000000e7b80000)
  to   space 10240K, 0% used [0x00000000e6880000,0x00000000e6880000,0x00000000e7280000)
 ParOldGen       total 65536K, used 15824K [0x00000000a1c00000, 0x00000000a5c00000, 0x00000000e0980000)
  object space 65536K, 24% used [0x00000000a1c00000,0x00000000a2b743e0,0x00000000a5c00000)
 Metaspace       used 15222K, capacity 15542K, committed 15744K, reserved 1062912K
  class space    used 1793K, capacity 1875K, committed 1920K, reserved 1048576K
}

